:::MLLOG {"namespace": "", "time_ms": 1677845114515, "event_type": "INTERVAL_START", "key": "init_start", "value": null, "metadata": {"file": "main.py", "lineno": 27}}
:::MLLOG {"namespace": "", "time_ms": 1677845114728, "event_type": "POINT_IN_TIME", "key": "seed", "value": 4146388613, "metadata": {"file": "main.py", "lineno": 39}}
:::MLLOG {"namespace": "", "time_ms": 1677845114729, "event_type": "POINT_IN_TIME", "key": "submission_benchmark", "value": "unet3d", "metadata": {"file": "/workspace/unet3d/runtime/logging.py", "lineno": 61}}
:::MLLOG {"namespace": "", "time_ms": 1677845114729, "event_type": "POINT_IN_TIME", "key": "submission_org", "value": "your-company", "metadata": {"file": "/workspace/unet3d/runtime/logging.py", "lineno": 66}}
:::MLLOG {"namespace": "", "time_ms": 1677845114729, "event_type": "POINT_IN_TIME", "key": "submission_division", "value": "closed", "metadata": {"file": "/workspace/unet3d/runtime/logging.py", "lineno": 70}}
:::MLLOG {"namespace": "", "time_ms": 1677845114729, "event_type": "POINT_IN_TIME", "key": "submission_status", "value": "onprem", "metadata": {"file": "/workspace/unet3d/runtime/logging.py", "lineno": 74}}
:::MLLOG {"namespace": "", "time_ms": 1677845114730, "event_type": "POINT_IN_TIME", "key": "submission_platform", "value": "your_platform", "metadata": {"file": "/workspace/unet3d/runtime/logging.py", "lineno": 78}}
:::MLLOG {"namespace": "", "time_ms": 1677845114730, "event_type": "POINT_IN_TIME", "key": "opt_name", "value": "sgd", "metadata": {"file": "/workspace/unet3d/runtime/logging.py", "lineno": 84}}
:::MLLOG {"namespace": "", "time_ms": 1677845114730, "event_type": "POINT_IN_TIME", "key": "opt_base_learning_rate", "value": 0.8, "metadata": {"file": "/workspace/unet3d/runtime/logging.py", "lineno": 85}}
:::MLLOG {"namespace": "", "time_ms": 1677845114730, "event_type": "POINT_IN_TIME", "key": "opt_learning_rate_warmup_epochs", "value": 200, "metadata": {"file": "/workspace/unet3d/runtime/logging.py", "lineno": 86}}
:::MLLOG {"namespace": "", "time_ms": 1677845114730, "event_type": "POINT_IN_TIME", "key": "opt_learning_rate_decay_boundary_epochs", "value": [], "metadata": {"file": "/workspace/unet3d/runtime/logging.py", "lineno": 88}}
:::MLLOG {"namespace": "", "time_ms": 1677845114731, "event_type": "POINT_IN_TIME", "key": "opt_learning_rate_decay_factor", "value": 1.0, "metadata": {"file": "/workspace/unet3d/runtime/logging.py", "lineno": 89}}
:::MLLOG {"namespace": "", "time_ms": 1677845114731, "event_type": "POINT_IN_TIME", "key": "opt_weight_decay", "value": 0.0, "metadata": {"file": "/workspace/unet3d/runtime/logging.py", "lineno": 90}}
:::MLLOG {"namespace": "", "time_ms": 1677845114731, "event_type": "POINT_IN_TIME", "key": "opt_momentum", "value": 0.9, "metadata": {"file": "/workspace/unet3d/runtime/logging.py", "lineno": 91}}
:::MLLOG {"namespace": "", "time_ms": 1677845114731, "event_type": "POINT_IN_TIME", "key": "oversampling", "value": 0.4, "metadata": {"file": "/workspace/unet3d/runtime/logging.py", "lineno": 92}}
:::MLLOG {"namespace": "", "time_ms": 1677845114731, "event_type": "POINT_IN_TIME", "key": "training_input_shape", "value": [128, 128, 128], "metadata": {"file": "/workspace/unet3d/runtime/logging.py", "lineno": 93}}
:::MLLOG {"namespace": "", "time_ms": 1677845114732, "event_type": "POINT_IN_TIME", "key": "validation_input_shape", "value": [128, 128, 128], "metadata": {"file": "/workspace/unet3d/runtime/logging.py", "lineno": 94}}
:::MLLOG {"namespace": "", "time_ms": 1677845114732, "event_type": "POINT_IN_TIME", "key": "validation_overlap", "value": 0.5, "metadata": {"file": "/workspace/unet3d/runtime/logging.py", "lineno": 95}}
:::MLLOG {"namespace": "", "time_ms": 1677845114733, "event_type": "POINT_IN_TIME", "key": "weights_initialization", "value": null, "metadata": {"file": "/workspace/unet3d/model/layers.py", "lineno": 46, "tensor": "input_block_0_conv"}}
:::MLLOG {"namespace": "", "time_ms": 1677845114734, "event_type": "POINT_IN_TIME", "key": "weights_initialization", "value": null, "metadata": {"file": "/workspace/unet3d/model/layers.py", "lineno": 49, "tensor": "input_block_0_instancenorm"}}
:::MLLOG {"namespace": "", "time_ms": 1677845114735, "event_type": "POINT_IN_TIME", "key": "weights_initialization", "value": null, "metadata": {"file": "/workspace/unet3d/model/layers.py", "lineno": 46, "tensor": "input_block_1_conv"}}
:::MLLOG {"namespace": "", "time_ms": 1677845114735, "event_type": "POINT_IN_TIME", "key": "weights_initialization", "value": null, "metadata": {"file": "/workspace/unet3d/model/layers.py", "lineno": 49, "tensor": "input_block_1_instancenorm"}}
:::MLLOG {"namespace": "", "time_ms": 1677845114736, "event_type": "POINT_IN_TIME", "key": "weights_initialization", "value": null, "metadata": {"file": "/workspace/unet3d/model/layers.py", "lineno": 46, "tensor": "down0_block_0_conv"}}
:::MLLOG {"namespace": "", "time_ms": 1677845114737, "event_type": "POINT_IN_TIME", "key": "weights_initialization", "value": null, "metadata": {"file": "/workspace/unet3d/model/layers.py", "lineno": 49, "tensor": "down0_block_0_instancenorm"}}
:::MLLOG {"namespace": "", "time_ms": 1677845114738, "event_type": "POINT_IN_TIME", "key": "weights_initialization", "value": null, "metadata": {"file": "/workspace/unet3d/model/layers.py", "lineno": 46, "tensor": "down0_block_1_conv"}}
:::MLLOG {"namespace": "", "time_ms": 1677845114739, "event_type": "POINT_IN_TIME", "key": "weights_initialization", "value": null, "metadata": {"file": "/workspace/unet3d/model/layers.py", "lineno": 49, "tensor": "down0_block_1_instancenorm"}}
:::MLLOG {"namespace": "", "time_ms": 1677845114742, "event_type": "POINT_IN_TIME", "key": "weights_initialization", "value": null, "metadata": {"file": "/workspace/unet3d/model/layers.py", "lineno": 46, "tensor": "down1_block_0_conv"}}
:::MLLOG {"namespace": "", "time_ms": 1677845114743, "event_type": "POINT_IN_TIME", "key": "weights_initialization", "value": null, "metadata": {"file": "/workspace/unet3d/model/layers.py", "lineno": 49, "tensor": "down1_block_0_instancenorm"}}
:::MLLOG {"namespace": "", "time_ms": 1677845114748, "event_type": "POINT_IN_TIME", "key": "weights_initialization", "value": null, "metadata": {"file": "/workspace/unet3d/model/layers.py", "lineno": 46, "tensor": "down1_block_1_conv"}}
:::MLLOG {"namespace": "", "time_ms": 1677845114748, "event_type": "POINT_IN_TIME", "key": "weights_initialization", "value": null, "metadata": {"file": "/workspace/unet3d/model/layers.py", "lineno": 49, "tensor": "down1_block_1_instancenorm"}}
:::MLLOG {"namespace": "", "time_ms": 1677845114758, "event_type": "POINT_IN_TIME", "key": "weights_initialization", "value": null, "metadata": {"file": "/workspace/unet3d/model/layers.py", "lineno": 46, "tensor": "down2_block_0_conv"}}
:::MLLOG {"namespace": "", "time_ms": 1677845114759, "event_type": "POINT_IN_TIME", "key": "weights_initialization", "value": null, "metadata": {"file": "/workspace/unet3d/model/layers.py", "lineno": 49, "tensor": "down2_block_0_instancenorm"}}
:::MLLOG {"namespace": "", "time_ms": 1677845114777, "event_type": "POINT_IN_TIME", "key": "weights_initialization", "value": null, "metadata": {"file": "/workspace/unet3d/model/layers.py", "lineno": 46, "tensor": "down2_block_1_conv"}}
:::MLLOG {"namespace": "", "time_ms": 1677845114778, "event_type": "POINT_IN_TIME", "key": "weights_initialization", "value": null, "metadata": {"file": "/workspace/unet3d/model/layers.py", "lineno": 49, "tensor": "down2_block_1_instancenorm"}}
:::MLLOG {"namespace": "", "time_ms": 1677845114801, "event_type": "POINT_IN_TIME", "key": "weights_initialization", "value": null, "metadata": {"file": "/workspace/unet3d/model/layers.py", "lineno": 46, "tensor": "down3_block_0_conv"}}
:::MLLOG {"namespace": "", "time_ms": 1677845114802, "event_type": "POINT_IN_TIME", "key": "weights_initialization", "value": null, "metadata": {"file": "/workspace/unet3d/model/layers.py", "lineno": 49, "tensor": "down3_block_0_instancenorm"}}
:::MLLOG {"namespace": "", "time_ms": 1677845114831, "event_type": "POINT_IN_TIME", "key": "weights_initialization", "value": null, "metadata": {"file": "/workspace/unet3d/model/layers.py", "lineno": 46, "tensor": "down3_block_1_conv"}}
:::MLLOG {"namespace": "", "time_ms": 1677845114831, "event_type": "POINT_IN_TIME", "key": "weights_initialization", "value": null, "metadata": {"file": "/workspace/unet3d/model/layers.py", "lineno": 49, "tensor": "down3_block_1_instancenorm"}}
:::MLLOG {"namespace": "", "time_ms": 1677845114860, "event_type": "POINT_IN_TIME", "key": "weights_initialization", "value": null, "metadata": {"file": "/workspace/unet3d/model/layers.py", "lineno": 46, "tensor": "down4_block_0_conv"}}
:::MLLOG {"namespace": "", "time_ms": 1677845114861, "event_type": "POINT_IN_TIME", "key": "weights_initialization", "value": null, "metadata": {"file": "/workspace/unet3d/model/layers.py", "lineno": 49, "tensor": "down4_block_0_instancenorm"}}
:::MLLOG {"namespace": "", "time_ms": 1677845114890, "event_type": "POINT_IN_TIME", "key": "weights_initialization", "value": null, "metadata": {"file": "/workspace/unet3d/model/layers.py", "lineno": 46, "tensor": "down4_block_1_conv"}}
:::MLLOG {"namespace": "", "time_ms": 1677845114890, "event_type": "POINT_IN_TIME", "key": "weights_initialization", "value": null, "metadata": {"file": "/workspace/unet3d/model/layers.py", "lineno": 49, "tensor": "down4_block_1_instancenorm"}}
:::MLLOG {"namespace": "", "time_ms": 1677845114899, "event_type": "POINT_IN_TIME", "key": "weights_initialization", "value": null, "metadata": {"file": "/workspace/unet3d/model/layers.py", "lineno": 46, "tensor": "up0_deconv"}}
:::MLLOG {"namespace": "", "time_ms": 1677845114974, "event_type": "POINT_IN_TIME", "key": "weights_initialization", "value": null, "metadata": {"file": "/workspace/unet3d/model/layers.py", "lineno": 46, "tensor": "up0_block_0_conv"}}
:::MLLOG {"namespace": "", "time_ms": 1677845114974, "event_type": "POINT_IN_TIME", "key": "weights_initialization", "value": null, "metadata": {"file": "/workspace/unet3d/model/layers.py", "lineno": 49, "tensor": "up0_block_0_instancenorm"}}
:::MLLOG {"namespace": "", "time_ms": 1677845115004, "event_type": "POINT_IN_TIME", "key": "weights_initialization", "value": null, "metadata": {"file": "/workspace/unet3d/model/layers.py", "lineno": 46, "tensor": "up0_block_1_conv"}}
:::MLLOG {"namespace": "", "time_ms": 1677845115004, "event_type": "POINT_IN_TIME", "key": "weights_initialization", "value": null, "metadata": {"file": "/workspace/unet3d/model/layers.py", "lineno": 49, "tensor": "up0_block_1_instancenorm"}}
:::MLLOG {"namespace": "", "time_ms": 1677845115012, "event_type": "POINT_IN_TIME", "key": "weights_initialization", "value": null, "metadata": {"file": "/workspace/unet3d/model/layers.py", "lineno": 46, "tensor": "up1_deconv"}}
:::MLLOG {"namespace": "", "time_ms": 1677845115049, "event_type": "POINT_IN_TIME", "key": "weights_initialization", "value": null, "metadata": {"file": "/workspace/unet3d/model/layers.py", "lineno": 46, "tensor": "up1_block_0_conv"}}
:::MLLOG {"namespace": "", "time_ms": 1677845115049, "event_type": "POINT_IN_TIME", "key": "weights_initialization", "value": null, "metadata": {"file": "/workspace/unet3d/model/layers.py", "lineno": 49, "tensor": "up1_block_0_instancenorm"}}
:::MLLOG {"namespace": "", "time_ms": 1677845115068, "event_type": "POINT_IN_TIME", "key": "weights_initialization", "value": null, "metadata": {"file": "/workspace/unet3d/model/layers.py", "lineno": 46, "tensor": "up1_block_1_conv"}}
:::MLLOG {"namespace": "", "time_ms": 1677845115068, "event_type": "POINT_IN_TIME", "key": "weights_initialization", "value": null, "metadata": {"file": "/workspace/unet3d/model/layers.py", "lineno": 49, "tensor": "up1_block_1_instancenorm"}}
:::MLLOG {"namespace": "", "time_ms": 1677845115072, "event_type": "POINT_IN_TIME", "key": "weights_initialization", "value": null, "metadata": {"file": "/workspace/unet3d/model/layers.py", "lineno": 46, "tensor": "up2_deconv"}}
:::MLLOG {"namespace": "", "time_ms": 1677845115081, "event_type": "POINT_IN_TIME", "key": "weights_initialization", "value": null, "metadata": {"file": "/workspace/unet3d/model/layers.py", "lineno": 46, "tensor": "up2_block_0_conv"}}
:::MLLOG {"namespace": "", "time_ms": 1677845115082, "event_type": "POINT_IN_TIME", "key": "weights_initialization", "value": null, "metadata": {"file": "/workspace/unet3d/model/layers.py", "lineno": 49, "tensor": "up2_block_0_instancenorm"}}
:::MLLOG {"namespace": "", "time_ms": 1677845115087, "event_type": "POINT_IN_TIME", "key": "weights_initialization", "value": null, "metadata": {"file": "/workspace/unet3d/model/layers.py", "lineno": 46, "tensor": "up2_block_1_conv"}}
:::MLLOG {"namespace": "", "time_ms": 1677845115087, "event_type": "POINT_IN_TIME", "key": "weights_initialization", "value": null, "metadata": {"file": "/workspace/unet3d/model/layers.py", "lineno": 49, "tensor": "up2_block_1_instancenorm"}}
:::MLLOG {"namespace": "", "time_ms": 1677845115089, "event_type": "POINT_IN_TIME", "key": "weights_initialization", "value": null, "metadata": {"file": "/workspace/unet3d/model/layers.py", "lineno": 46, "tensor": "up3_deconv"}}
:::MLLOG {"namespace": "", "time_ms": 1677845115092, "event_type": "POINT_IN_TIME", "key": "weights_initialization", "value": null, "metadata": {"file": "/workspace/unet3d/model/layers.py", "lineno": 46, "tensor": "up3_block_0_conv"}}
:::MLLOG {"namespace": "", "time_ms": 1677845115092, "event_type": "POINT_IN_TIME", "key": "weights_initialization", "value": null, "metadata": {"file": "/workspace/unet3d/model/layers.py", "lineno": 49, "tensor": "up3_block_0_instancenorm"}}
:::MLLOG {"namespace": "", "time_ms": 1677845115094, "event_type": "POINT_IN_TIME", "key": "weights_initialization", "value": null, "metadata": {"file": "/workspace/unet3d/model/layers.py", "lineno": 46, "tensor": "up3_block_1_conv"}}
:::MLLOG {"namespace": "", "time_ms": 1677845115094, "event_type": "POINT_IN_TIME", "key": "weights_initialization", "value": null, "metadata": {"file": "/workspace/unet3d/model/layers.py", "lineno": 49, "tensor": "up3_block_1_instancenorm"}}
:::MLLOG {"namespace": "", "time_ms": 1677845115095, "event_type": "POINT_IN_TIME", "key": "weights_initialization", "value": null, "metadata": {"file": "/workspace/unet3d/model/layers.py", "lineno": 46, "tensor": "up4_deconv"}}
:::MLLOG {"namespace": "", "time_ms": 1677845115096, "event_type": "POINT_IN_TIME", "key": "weights_initialization", "value": null, "metadata": {"file": "/workspace/unet3d/model/layers.py", "lineno": 46, "tensor": "up4_block_0_conv"}}
:::MLLOG {"namespace": "", "time_ms": 1677845115096, "event_type": "POINT_IN_TIME", "key": "weights_initialization", "value": null, "metadata": {"file": "/workspace/unet3d/model/layers.py", "lineno": 49, "tensor": "up4_block_0_instancenorm"}}
:::MLLOG {"namespace": "", "time_ms": 1677845115097, "event_type": "POINT_IN_TIME", "key": "weights_initialization", "value": null, "metadata": {"file": "/workspace/unet3d/model/layers.py", "lineno": 46, "tensor": "up4_block_1_conv"}}
:::MLLOG {"namespace": "", "time_ms": 1677845115098, "event_type": "POINT_IN_TIME", "key": "weights_initialization", "value": null, "metadata": {"file": "/workspace/unet3d/model/layers.py", "lineno": 49, "tensor": "up4_block_1_instancenorm"}}
:::MLLOG {"namespace": "", "time_ms": 1677845115098, "event_type": "POINT_IN_TIME", "key": "weights_initialization", "value": null, "metadata": {"file": "/workspace/unet3d/model/layers.py", "lineno": 109, "tensor": "output_conv"}}
:::MLLOG {"namespace": "", "time_ms": 1677845115105, "event_type": "INTERVAL_END", "key": "init_stop", "value": null, "metadata": {"file": "main.py", "lineno": 49}}
:::MLLOG {"namespace": "", "time_ms": 1677845115106, "event_type": "INTERVAL_START", "key": "run_start", "value": null, "metadata": {"file": "main.py", "lineno": 50}}
:::MLLOG {"namespace": "", "time_ms": 1677845115109, "event_type": "POINT_IN_TIME", "key": "train_samples", "value": 168, "metadata": {"file": "/workspace/unet3d/data_loading/data_loader.py", "lineno": 52}}
:::MLLOG {"namespace": "", "time_ms": 1677845115110, "event_type": "POINT_IN_TIME", "key": "eval_samples", "value": 42, "metadata": {"file": "/workspace/unet3d/data_loading/data_loader.py", "lineno": 53}}
:::MLLOG {"namespace": "", "time_ms": 1677845115111, "event_type": "POINT_IN_TIME", "key": "samples_per_epoch", "value": 168, "metadata": {"file": "main.py", "lineno": 53}}
:::MLLOG {"namespace": "", "time_ms": 1677845115111, "event_type": "POINT_IN_TIME", "key": "global_batch_size", "value": 4, "metadata": {"file": "main.py", "lineno": 57}}
:::MLLOG {"namespace": "", "time_ms": 1677845115111, "event_type": "POINT_IN_TIME", "key": "gradient_accumulation_steps", "value": 1, "metadata": {"file": "main.py", "lineno": 58}}
:::MLLOG {"namespace": "", "time_ms": 1677845118081, "event_type": "INTERVAL_START", "key": "block_start", "value": null, "metadata": {"file": "/workspace/unet3d/runtime/training.py", "lineno": 63, "first_epoch_num": 1, "epoch_count": 1}}
:::MLLOG {"namespace": "", "time_ms": 1677845118082, "event_type": "INTERVAL_START", "key": "epoch_start", "value": null, "metadata": {"file": "/workspace/unet3d/runtime/training.py", "lineno": 65, "epoch_num": 1}}
:::MLLOG {"namespace": "", "time_ms": 1677845193816, "event_type": "INTERVAL_END", "key": "epoch_stop", "value": null, "metadata": {"file": "/workspace/unet3d/runtime/training.py", "lineno": 100, "epoch_num": 1, "current_lr": 0.004099500000000001}}
:::MLLOG {"namespace": "", "time_ms": 1677845193818, "event_type": "INTERVAL_END", "key": "block_stop", "value": null, "metadata": {"file": "/workspace/unet3d/runtime/training.py", "lineno": 129, "first_epoch_num": 1, "epoch_count": 1}}
:::MLLOG {"namespace": "", "time_ms": 1677845193819, "event_type": "INTERVAL_START", "key": "block_start", "value": null, "metadata": {"file": "/workspace/unet3d/runtime/training.py", "lineno": 63, "first_epoch_num": 2, "epoch_count": 1}}
:::MLLOG {"namespace": "", "time_ms": 1677845193820, "event_type": "INTERVAL_START", "key": "epoch_start", "value": null, "metadata": {"file": "/workspace/unet3d/runtime/training.py", "lineno": 65, "epoch_num": 2}}
:::MLLOG {"namespace": "", "time_ms": 1677845268565, "event_type": "INTERVAL_END", "key": "epoch_stop", "value": null, "metadata": {"file": "/workspace/unet3d/runtime/training.py", "lineno": 100, "epoch_num": 2, "current_lr": 0.008099}}
:::MLLOG {"namespace": "", "time_ms": 1677845268568, "event_type": "INTERVAL_END", "key": "block_stop", "value": null, "metadata": {"file": "/workspace/unet3d/runtime/training.py", "lineno": 129, "first_epoch_num": 2, "epoch_count": 1}}
:::MLLOG {"namespace": "", "time_ms": 1677845268569, "event_type": "INTERVAL_START", "key": "block_start", "value": null, "metadata": {"file": "/workspace/unet3d/runtime/training.py", "lineno": 63, "first_epoch_num": 3, "epoch_count": 1}}
:::MLLOG {"namespace": "", "time_ms": 1677845268570, "event_type": "INTERVAL_START", "key": "epoch_start", "value": null, "metadata": {"file": "/workspace/unet3d/runtime/training.py", "lineno": 65, "epoch_num": 3}}
:::MLLOG {"namespace": "", "time_ms": 1677845343747, "event_type": "INTERVAL_END", "key": "epoch_stop", "value": null, "metadata": {"file": "/workspace/unet3d/runtime/training.py", "lineno": 100, "epoch_num": 3, "current_lr": 0.0120985}}
:::MLLOG {"namespace": "", "time_ms": 1677845343749, "event_type": "INTERVAL_END", "key": "block_stop", "value": null, "metadata": {"file": "/workspace/unet3d/runtime/training.py", "lineno": 129, "first_epoch_num": 3, "epoch_count": 1}}
:::MLLOG {"namespace": "", "time_ms": 1677845343749, "event_type": "INTERVAL_START", "key": "block_start", "value": null, "metadata": {"file": "/workspace/unet3d/runtime/training.py", "lineno": 63, "first_epoch_num": 4, "epoch_count": 1}}
:::MLLOG {"namespace": "", "time_ms": 1677845343750, "event_type": "INTERVAL_START", "key": "epoch_start", "value": null, "metadata": {"file": "/workspace/unet3d/runtime/training.py", "lineno": 65, "epoch_num": 4}}
:::MLLOG {"namespace": "", "time_ms": 1677845417701, "event_type": "INTERVAL_END", "key": "epoch_stop", "value": null, "metadata": {"file": "/workspace/unet3d/runtime/training.py", "lineno": 100, "epoch_num": 4, "current_lr": 0.016098}}
:::MLLOG {"namespace": "", "time_ms": 1677845417703, "event_type": "INTERVAL_END", "key": "block_stop", "value": null, "metadata": {"file": "/workspace/unet3d/runtime/training.py", "lineno": 129, "first_epoch_num": 4, "epoch_count": 1}}
:::MLLOG {"namespace": "", "time_ms": 1677845417703, "event_type": "INTERVAL_START", "key": "block_start", "value": null, "metadata": {"file": "/workspace/unet3d/runtime/training.py", "lineno": 63, "first_epoch_num": 5, "epoch_count": 1}}
:::MLLOG {"namespace": "", "time_ms": 1677845417704, "event_type": "INTERVAL_START", "key": "epoch_start", "value": null, "metadata": {"file": "/workspace/unet3d/runtime/training.py", "lineno": 65, "epoch_num": 5}}
:::MLLOG {"namespace": "", "time_ms": 1677845491672, "event_type": "INTERVAL_END", "key": "epoch_stop", "value": null, "metadata": {"file": "/workspace/unet3d/runtime/training.py", "lineno": 100, "epoch_num": 5, "current_lr": 0.0200975}}
:::MLLOG {"namespace": "", "time_ms": 1677845491674, "event_type": "INTERVAL_END", "key": "block_stop", "value": null, "metadata": {"file": "/workspace/unet3d/runtime/training.py", "lineno": 129, "first_epoch_num": 5, "epoch_count": 1}}
:::MLLOG {"namespace": "", "time_ms": 1677845491674, "event_type": "INTERVAL_START", "key": "block_start", "value": null, "metadata": {"file": "/workspace/unet3d/runtime/training.py", "lineno": 63, "first_epoch_num": 6, "epoch_count": 1}}
:::MLLOG {"namespace": "", "time_ms": 1677845491674, "event_type": "INTERVAL_START", "key": "epoch_start", "value": null, "metadata": {"file": "/workspace/unet3d/runtime/training.py", "lineno": 65, "epoch_num": 6}}
:::MLLOG {"namespace": "", "time_ms": 1677845565682, "event_type": "INTERVAL_END", "key": "epoch_stop", "value": null, "metadata": {"file": "/workspace/unet3d/runtime/training.py", "lineno": 100, "epoch_num": 6, "current_lr": 0.024097}}
:::MLLOG {"namespace": "", "time_ms": 1677845565684, "event_type": "INTERVAL_END", "key": "block_stop", "value": null, "metadata": {"file": "/workspace/unet3d/runtime/training.py", "lineno": 129, "first_epoch_num": 6, "epoch_count": 1}}
:::MLLOG {"namespace": "", "time_ms": 1677845565685, "event_type": "INTERVAL_START", "key": "block_start", "value": null, "metadata": {"file": "/workspace/unet3d/runtime/training.py", "lineno": 63, "first_epoch_num": 7, "epoch_count": 1}}
:::MLLOG {"namespace": "", "time_ms": 1677845565686, "event_type": "INTERVAL_START", "key": "epoch_start", "value": null, "metadata": {"file": "/workspace/unet3d/runtime/training.py", "lineno": 65, "epoch_num": 7}}
:::MLLOG {"namespace": "", "time_ms": 1677845640570, "event_type": "INTERVAL_END", "key": "epoch_stop", "value": null, "metadata": {"file": "/workspace/unet3d/runtime/training.py", "lineno": 100, "epoch_num": 7, "current_lr": 0.028096500000000003}}
:::MLLOG {"namespace": "", "time_ms": 1677845640571, "event_type": "INTERVAL_END", "key": "block_stop", "value": null, "metadata": {"file": "/workspace/unet3d/runtime/training.py", "lineno": 129, "first_epoch_num": 7, "epoch_count": 1}}
:::MLLOG {"namespace": "", "time_ms": 1677845640572, "event_type": "INTERVAL_START", "key": "block_start", "value": null, "metadata": {"file": "/workspace/unet3d/runtime/training.py", "lineno": 63, "first_epoch_num": 8, "epoch_count": 1}}
:::MLLOG {"namespace": "", "time_ms": 1677845640572, "event_type": "INTERVAL_START", "key": "epoch_start", "value": null, "metadata": {"file": "/workspace/unet3d/runtime/training.py", "lineno": 65, "epoch_num": 8}}
:::MLLOG {"namespace": "", "time_ms": 1677845714974, "event_type": "INTERVAL_END", "key": "epoch_stop", "value": null, "metadata": {"file": "/workspace/unet3d/runtime/training.py", "lineno": 100, "epoch_num": 8, "current_lr": 0.032096000000000006}}
:::MLLOG {"namespace": "", "time_ms": 1677845714976, "event_type": "INTERVAL_END", "key": "block_stop", "value": null, "metadata": {"file": "/workspace/unet3d/runtime/training.py", "lineno": 129, "first_epoch_num": 8, "epoch_count": 1}}
:::MLLOG {"namespace": "", "time_ms": 1677845714977, "event_type": "INTERVAL_START", "key": "block_start", "value": null, "metadata": {"file": "/workspace/unet3d/runtime/training.py", "lineno": 63, "first_epoch_num": 9, "epoch_count": 1}}
:::MLLOG {"namespace": "", "time_ms": 1677845714978, "event_type": "INTERVAL_START", "key": "epoch_start", "value": null, "metadata": {"file": "/workspace/unet3d/runtime/training.py", "lineno": 65, "epoch_num": 9}}
:::MLLOG {"namespace": "", "time_ms": 1677845791262, "event_type": "INTERVAL_END", "key": "epoch_stop", "value": null, "metadata": {"file": "/workspace/unet3d/runtime/training.py", "lineno": 100, "epoch_num": 9, "current_lr": 0.0360955}}
:::MLLOG {"namespace": "", "time_ms": 1677845791263, "event_type": "INTERVAL_END", "key": "block_stop", "value": null, "metadata": {"file": "/workspace/unet3d/runtime/training.py", "lineno": 129, "first_epoch_num": 9, "epoch_count": 1}}
:::MLLOG {"namespace": "", "time_ms": 1677845791264, "event_type": "INTERVAL_START", "key": "block_start", "value": null, "metadata": {"file": "/workspace/unet3d/runtime/training.py", "lineno": 63, "first_epoch_num": 10, "epoch_count": 1}}
:::MLLOG {"namespace": "", "time_ms": 1677845791264, "event_type": "INTERVAL_START", "key": "epoch_start", "value": null, "metadata": {"file": "/workspace/unet3d/runtime/training.py", "lineno": 65, "epoch_num": 10}}
:::MLLOG {"namespace": "", "time_ms": 1677845865872, "event_type": "INTERVAL_END", "key": "epoch_stop", "value": null, "metadata": {"file": "/workspace/unet3d/runtime/training.py", "lineno": 100, "epoch_num": 10, "current_lr": 0.040095000000000006}}
:::MLLOG {"namespace": "", "time_ms": 1677845865873, "event_type": "INTERVAL_END", "key": "block_stop", "value": null, "metadata": {"file": "/workspace/unet3d/runtime/training.py", "lineno": 129, "first_epoch_num": 10, "epoch_count": 1}}
:::MLLOG {"namespace": "", "time_ms": 1677845865873, "event_type": "INTERVAL_START", "key": "block_start", "value": null, "metadata": {"file": "/workspace/unet3d/runtime/training.py", "lineno": 63, "first_epoch_num": 11, "epoch_count": 1}}
:::MLLOG {"namespace": "", "time_ms": 1677845865874, "event_type": "INTERVAL_START", "key": "epoch_start", "value": null, "metadata": {"file": "/workspace/unet3d/runtime/training.py", "lineno": 65, "epoch_num": 11}}
:::MLLOG {"namespace": "", "time_ms": 1677845940087, "event_type": "INTERVAL_END", "key": "epoch_stop", "value": null, "metadata": {"file": "/workspace/unet3d/runtime/training.py", "lineno": 100, "epoch_num": 11, "current_lr": 0.04409450000000001}}
:::MLLOG {"namespace": "", "time_ms": 1677845940089, "event_type": "INTERVAL_END", "key": "block_stop", "value": null, "metadata": {"file": "/workspace/unet3d/runtime/training.py", "lineno": 129, "first_epoch_num": 11, "epoch_count": 1}}
:::MLLOG {"namespace": "", "time_ms": 1677845940089, "event_type": "INTERVAL_START", "key": "block_start", "value": null, "metadata": {"file": "/workspace/unet3d/runtime/training.py", "lineno": 63, "first_epoch_num": 12, "epoch_count": 1}}
:::MLLOG {"namespace": "", "time_ms": 1677845940090, "event_type": "INTERVAL_START", "key": "epoch_start", "value": null, "metadata": {"file": "/workspace/unet3d/runtime/training.py", "lineno": 65, "epoch_num": 12}}
:::MLLOG {"namespace": "", "time_ms": 1677846015343, "event_type": "INTERVAL_END", "key": "epoch_stop", "value": null, "metadata": {"file": "/workspace/unet3d/runtime/training.py", "lineno": 100, "epoch_num": 12, "current_lr": 0.048094000000000005}}
:::MLLOG {"namespace": "", "time_ms": 1677846015346, "event_type": "INTERVAL_END", "key": "block_stop", "value": null, "metadata": {"file": "/workspace/unet3d/runtime/training.py", "lineno": 129, "first_epoch_num": 12, "epoch_count": 1}}
:::MLLOG {"namespace": "", "time_ms": 1677846015347, "event_type": "INTERVAL_START", "key": "block_start", "value": null, "metadata": {"file": "/workspace/unet3d/runtime/training.py", "lineno": 63, "first_epoch_num": 13, "epoch_count": 1}}
:::MLLOG {"namespace": "", "time_ms": 1677846015347, "event_type": "INTERVAL_START", "key": "epoch_start", "value": null, "metadata": {"file": "/workspace/unet3d/runtime/training.py", "lineno": 65, "epoch_num": 13}}
:::MLLOG {"namespace": "", "time_ms": 1677846090925, "event_type": "INTERVAL_END", "key": "epoch_stop", "value": null, "metadata": {"file": "/workspace/unet3d/runtime/training.py", "lineno": 100, "epoch_num": 13, "current_lr": 0.05209350000000001}}
:::MLLOG {"namespace": "", "time_ms": 1677846090927, "event_type": "INTERVAL_END", "key": "block_stop", "value": null, "metadata": {"file": "/workspace/unet3d/runtime/training.py", "lineno": 129, "first_epoch_num": 13, "epoch_count": 1}}
:::MLLOG {"namespace": "", "time_ms": 1677846090928, "event_type": "INTERVAL_START", "key": "block_start", "value": null, "metadata": {"file": "/workspace/unet3d/runtime/training.py", "lineno": 63, "first_epoch_num": 14, "epoch_count": 1}}
:::MLLOG {"namespace": "", "time_ms": 1677846090930, "event_type": "INTERVAL_START", "key": "epoch_start", "value": null, "metadata": {"file": "/workspace/unet3d/runtime/training.py", "lineno": 65, "epoch_num": 14}}
:::MLLOG {"namespace": "", "time_ms": 1677846165088, "event_type": "INTERVAL_END", "key": "epoch_stop", "value": null, "metadata": {"file": "/workspace/unet3d/runtime/training.py", "lineno": 100, "epoch_num": 14, "current_lr": 0.05609300000000001}}
:::MLLOG {"namespace": "", "time_ms": 1677846165090, "event_type": "INTERVAL_END", "key": "block_stop", "value": null, "metadata": {"file": "/workspace/unet3d/runtime/training.py", "lineno": 129, "first_epoch_num": 14, "epoch_count": 1}}
:::MLLOG {"namespace": "", "time_ms": 1677846165091, "event_type": "INTERVAL_START", "key": "block_start", "value": null, "metadata": {"file": "/workspace/unet3d/runtime/training.py", "lineno": 63, "first_epoch_num": 15, "epoch_count": 1}}
:::MLLOG {"namespace": "", "time_ms": 1677846165091, "event_type": "INTERVAL_START", "key": "epoch_start", "value": null, "metadata": {"file": "/workspace/unet3d/runtime/training.py", "lineno": 65, "epoch_num": 15}}
:::MLLOG {"namespace": "", "time_ms": 1677846239738, "event_type": "INTERVAL_END", "key": "epoch_stop", "value": null, "metadata": {"file": "/workspace/unet3d/runtime/training.py", "lineno": 100, "epoch_num": 15, "current_lr": 0.06009250000000001}}
:::MLLOG {"namespace": "", "time_ms": 1677846239739, "event_type": "INTERVAL_END", "key": "block_stop", "value": null, "metadata": {"file": "/workspace/unet3d/runtime/training.py", "lineno": 129, "first_epoch_num": 15, "epoch_count": 1}}
:::MLLOG {"namespace": "", "time_ms": 1677846239739, "event_type": "INTERVAL_START", "key": "block_start", "value": null, "metadata": {"file": "/workspace/unet3d/runtime/training.py", "lineno": 63, "first_epoch_num": 16, "epoch_count": 1}}
:::MLLOG {"namespace": "", "time_ms": 1677846239740, "event_type": "INTERVAL_START", "key": "epoch_start", "value": null, "metadata": {"file": "/workspace/unet3d/runtime/training.py", "lineno": 65, "epoch_num": 16}}
:::MLLOG {"namespace": "", "time_ms": 1677846315907, "event_type": "INTERVAL_END", "key": "epoch_stop", "value": null, "metadata": {"file": "/workspace/unet3d/runtime/training.py", "lineno": 100, "epoch_num": 16, "current_lr": 0.06409200000000001}}
:::MLLOG {"namespace": "", "time_ms": 1677846315913, "event_type": "INTERVAL_END", "key": "block_stop", "value": null, "metadata": {"file": "/workspace/unet3d/runtime/training.py", "lineno": 129, "first_epoch_num": 16, "epoch_count": 1}}
:::MLLOG {"namespace": "", "time_ms": 1677846315914, "event_type": "INTERVAL_START", "key": "block_start", "value": null, "metadata": {"file": "/workspace/unet3d/runtime/training.py", "lineno": 63, "first_epoch_num": 17, "epoch_count": 1}}
:::MLLOG {"namespace": "", "time_ms": 1677846315914, "event_type": "INTERVAL_START", "key": "epoch_start", "value": null, "metadata": {"file": "/workspace/unet3d/runtime/training.py", "lineno": 65, "epoch_num": 17}}
:::MLLOG {"namespace": "", "time_ms": 1677846392167, "event_type": "INTERVAL_END", "key": "epoch_stop", "value": null, "metadata": {"file": "/workspace/unet3d/runtime/training.py", "lineno": 100, "epoch_num": 17, "current_lr": 0.06809150000000001}}
:::MLLOG {"namespace": "", "time_ms": 1677846392170, "event_type": "INTERVAL_END", "key": "block_stop", "value": null, "metadata": {"file": "/workspace/unet3d/runtime/training.py", "lineno": 129, "first_epoch_num": 17, "epoch_count": 1}}
:::MLLOG {"namespace": "", "time_ms": 1677846392171, "event_type": "INTERVAL_START", "key": "block_start", "value": null, "metadata": {"file": "/workspace/unet3d/runtime/training.py", "lineno": 63, "first_epoch_num": 18, "epoch_count": 1}}
:::MLLOG {"namespace": "", "time_ms": 1677846392172, "event_type": "INTERVAL_START", "key": "epoch_start", "value": null, "metadata": {"file": "/workspace/unet3d/runtime/training.py", "lineno": 65, "epoch_num": 18}}
:::MLLOG {"namespace": "", "time_ms": 1677846467910, "event_type": "INTERVAL_END", "key": "epoch_stop", "value": null, "metadata": {"file": "/workspace/unet3d/runtime/training.py", "lineno": 100, "epoch_num": 18, "current_lr": 0.072091}}
:::MLLOG {"namespace": "", "time_ms": 1677846467912, "event_type": "INTERVAL_END", "key": "block_stop", "value": null, "metadata": {"file": "/workspace/unet3d/runtime/training.py", "lineno": 129, "first_epoch_num": 18, "epoch_count": 1}}
:::MLLOG {"namespace": "", "time_ms": 1677846467914, "event_type": "INTERVAL_START", "key": "block_start", "value": null, "metadata": {"file": "/workspace/unet3d/runtime/training.py", "lineno": 63, "first_epoch_num": 19, "epoch_count": 1}}
:::MLLOG {"namespace": "", "time_ms": 1677846467914, "event_type": "INTERVAL_START", "key": "epoch_start", "value": null, "metadata": {"file": "/workspace/unet3d/runtime/training.py", "lineno": 65, "epoch_num": 19}}
:::MLLOG {"namespace": "", "time_ms": 1677846542813, "event_type": "INTERVAL_END", "key": "epoch_stop", "value": null, "metadata": {"file": "/workspace/unet3d/runtime/training.py", "lineno": 100, "epoch_num": 19, "current_lr": 0.0760905}}
:::MLLOG {"namespace": "", "time_ms": 1677846542815, "event_type": "INTERVAL_END", "key": "block_stop", "value": null, "metadata": {"file": "/workspace/unet3d/runtime/training.py", "lineno": 129, "first_epoch_num": 19, "epoch_count": 1}}
:::MLLOG {"namespace": "", "time_ms": 1677846542816, "event_type": "INTERVAL_START", "key": "block_start", "value": null, "metadata": {"file": "/workspace/unet3d/runtime/training.py", "lineno": 63, "first_epoch_num": 20, "epoch_count": 1}}
:::MLLOG {"namespace": "", "time_ms": 1677846542816, "event_type": "INTERVAL_START", "key": "epoch_start", "value": null, "metadata": {"file": "/workspace/unet3d/runtime/training.py", "lineno": 65, "epoch_num": 20}}
:::MLLOG {"namespace": "", "time_ms": 1677846617835, "event_type": "INTERVAL_END", "key": "epoch_stop", "value": null, "metadata": {"file": "/workspace/unet3d/runtime/training.py", "lineno": 100, "epoch_num": 20, "current_lr": 0.08009000000000001}}
:::MLLOG {"namespace": "", "time_ms": 1677846617836, "event_type": "INTERVAL_END", "key": "block_stop", "value": null, "metadata": {"file": "/workspace/unet3d/runtime/training.py", "lineno": 129, "first_epoch_num": 20, "epoch_count": 1}}
:::MLLOG {"namespace": "", "time_ms": 1677846617836, "event_type": "INTERVAL_START", "key": "block_start", "value": null, "metadata": {"file": "/workspace/unet3d/runtime/training.py", "lineno": 63, "first_epoch_num": 21, "epoch_count": 1}}
:::MLLOG {"namespace": "", "time_ms": 1677846617836, "event_type": "INTERVAL_START", "key": "epoch_start", "value": null, "metadata": {"file": "/workspace/unet3d/runtime/training.py", "lineno": 65, "epoch_num": 21}}
:::MLLOG {"namespace": "", "time_ms": 1677846693110, "event_type": "INTERVAL_END", "key": "epoch_stop", "value": null, "metadata": {"file": "/workspace/unet3d/runtime/training.py", "lineno": 100, "epoch_num": 21, "current_lr": 0.08408950000000001}}
:::MLLOG {"namespace": "", "time_ms": 1677846693115, "event_type": "INTERVAL_END", "key": "block_stop", "value": null, "metadata": {"file": "/workspace/unet3d/runtime/training.py", "lineno": 129, "first_epoch_num": 21, "epoch_count": 1}}
:::MLLOG {"namespace": "", "time_ms": 1677846693115, "event_type": "INTERVAL_START", "key": "block_start", "value": null, "metadata": {"file": "/workspace/unet3d/runtime/training.py", "lineno": 63, "first_epoch_num": 22, "epoch_count": 1}}
:::MLLOG {"namespace": "", "time_ms": 1677846693116, "event_type": "INTERVAL_START", "key": "epoch_start", "value": null, "metadata": {"file": "/workspace/unet3d/runtime/training.py", "lineno": 65, "epoch_num": 22}}
:::MLLOG {"namespace": "", "time_ms": 1677846769125, "event_type": "INTERVAL_END", "key": "epoch_stop", "value": null, "metadata": {"file": "/workspace/unet3d/runtime/training.py", "lineno": 100, "epoch_num": 22, "current_lr": 0.08808900000000001}}
:::MLLOG {"namespace": "", "time_ms": 1677846769127, "event_type": "INTERVAL_END", "key": "block_stop", "value": null, "metadata": {"file": "/workspace/unet3d/runtime/training.py", "lineno": 129, "first_epoch_num": 22, "epoch_count": 1}}
:::MLLOG {"namespace": "", "time_ms": 1677846769128, "event_type": "INTERVAL_START", "key": "block_start", "value": null, "metadata": {"file": "/workspace/unet3d/runtime/training.py", "lineno": 63, "first_epoch_num": 23, "epoch_count": 1}}
:::MLLOG {"namespace": "", "time_ms": 1677846769128, "event_type": "INTERVAL_START", "key": "epoch_start", "value": null, "metadata": {"file": "/workspace/unet3d/runtime/training.py", "lineno": 65, "epoch_num": 23}}
:::MLLOG {"namespace": "", "time_ms": 1677846844154, "event_type": "INTERVAL_END", "key": "epoch_stop", "value": null, "metadata": {"file": "/workspace/unet3d/runtime/training.py", "lineno": 100, "epoch_num": 23, "current_lr": 0.09208850000000002}}
:::MLLOG {"namespace": "", "time_ms": 1677846844156, "event_type": "INTERVAL_END", "key": "block_stop", "value": null, "metadata": {"file": "/workspace/unet3d/runtime/training.py", "lineno": 129, "first_epoch_num": 23, "epoch_count": 1}}
:::MLLOG {"namespace": "", "time_ms": 1677846844156, "event_type": "INTERVAL_START", "key": "block_start", "value": null, "metadata": {"file": "/workspace/unet3d/runtime/training.py", "lineno": 63, "first_epoch_num": 24, "epoch_count": 1}}
:::MLLOG {"namespace": "", "time_ms": 1677846844157, "event_type": "INTERVAL_START", "key": "epoch_start", "value": null, "metadata": {"file": "/workspace/unet3d/runtime/training.py", "lineno": 65, "epoch_num": 24}}
:::MLLOG {"namespace": "", "time_ms": 1677846919474, "event_type": "INTERVAL_END", "key": "epoch_stop", "value": null, "metadata": {"file": "/workspace/unet3d/runtime/training.py", "lineno": 100, "epoch_num": 24, "current_lr": 0.096088}}
:::MLLOG {"namespace": "", "time_ms": 1677846919476, "event_type": "INTERVAL_END", "key": "block_stop", "value": null, "metadata": {"file": "/workspace/unet3d/runtime/training.py", "lineno": 129, "first_epoch_num": 24, "epoch_count": 1}}
:::MLLOG {"namespace": "", "time_ms": 1677846919476, "event_type": "INTERVAL_START", "key": "block_start", "value": null, "metadata": {"file": "/workspace/unet3d/runtime/training.py", "lineno": 63, "first_epoch_num": 25, "epoch_count": 1}}
:::MLLOG {"namespace": "", "time_ms": 1677846919477, "event_type": "INTERVAL_START", "key": "epoch_start", "value": null, "metadata": {"file": "/workspace/unet3d/runtime/training.py", "lineno": 65, "epoch_num": 25}}
:::MLLOG {"namespace": "", "time_ms": 1677846995228, "event_type": "INTERVAL_END", "key": "epoch_stop", "value": null, "metadata": {"file": "/workspace/unet3d/runtime/training.py", "lineno": 100, "epoch_num": 25, "current_lr": 0.10008750000000001}}
:::MLLOG {"namespace": "", "time_ms": 1677846995229, "event_type": "INTERVAL_END", "key": "block_stop", "value": null, "metadata": {"file": "/workspace/unet3d/runtime/training.py", "lineno": 129, "first_epoch_num": 25, "epoch_count": 1}}
:::MLLOG {"namespace": "", "time_ms": 1677846995230, "event_type": "INTERVAL_START", "key": "block_start", "value": null, "metadata": {"file": "/workspace/unet3d/runtime/training.py", "lineno": 63, "first_epoch_num": 26, "epoch_count": 1}}
:::MLLOG {"namespace": "", "time_ms": 1677846995231, "event_type": "INTERVAL_START", "key": "epoch_start", "value": null, "metadata": {"file": "/workspace/unet3d/runtime/training.py", "lineno": 65, "epoch_num": 26}}
:::MLLOG {"namespace": "", "time_ms": 1677847071193, "event_type": "INTERVAL_END", "key": "epoch_stop", "value": null, "metadata": {"file": "/workspace/unet3d/runtime/training.py", "lineno": 100, "epoch_num": 26, "current_lr": 0.10408700000000001}}
:::MLLOG {"namespace": "", "time_ms": 1677847071194, "event_type": "INTERVAL_END", "key": "block_stop", "value": null, "metadata": {"file": "/workspace/unet3d/runtime/training.py", "lineno": 129, "first_epoch_num": 26, "epoch_count": 1}}
:::MLLOG {"namespace": "", "time_ms": 1677847071194, "event_type": "INTERVAL_START", "key": "block_start", "value": null, "metadata": {"file": "/workspace/unet3d/runtime/training.py", "lineno": 63, "first_epoch_num": 27, "epoch_count": 1}}
:::MLLOG {"namespace": "", "time_ms": 1677847071194, "event_type": "INTERVAL_START", "key": "epoch_start", "value": null, "metadata": {"file": "/workspace/unet3d/runtime/training.py", "lineno": 65, "epoch_num": 27}}
:::MLLOG {"namespace": "", "time_ms": 1677847146619, "event_type": "INTERVAL_END", "key": "epoch_stop", "value": null, "metadata": {"file": "/workspace/unet3d/runtime/training.py", "lineno": 100, "epoch_num": 27, "current_lr": 0.10808650000000002}}
:::MLLOG {"namespace": "", "time_ms": 1677847146621, "event_type": "INTERVAL_END", "key": "block_stop", "value": null, "metadata": {"file": "/workspace/unet3d/runtime/training.py", "lineno": 129, "first_epoch_num": 27, "epoch_count": 1}}